if ( ! 1 ) set basedir = ~airpact5/AIRHOME/run_ap5_day2
cd /home/airpact5/AIRHOME/run_ap5_day2
set RUN_EMIS_MEGAN = Y
if ( 1 > = 1 ) then
set firstday = 20210819
set firstdayyear = `echo $firstday | cut -c1-4`
cut -c1-4
echo 20210819
set firstdaymonth = `echo $firstday | cut -c5-6`
cut -c5-6
echo 20210819
set today = `echo $firstday | cut -c7-8`
cut -c7-8
echo 20210819
if ( 1 > = 2 ) setenv runid0
if ( 1 == 3 ) setenv runid1
else
set secondday = `date -d "$firstday 1 days" '+%Y%m%d'`
date -d 20210819 1 days +%Y%m%d
set seconddayyear = `echo $secondday | cut -c1-4`
cut -c1-4
echo 20210820
set seconddaymonth = `echo $secondday | cut -c5-6`
cut -c5-6
echo 20210820
set tomorrow = `echo $secondday | cut -c7-8`
echo 20210820
cut -c7-8
set megan_epiday = 20210820
if ( ! 0 ) set airroot1 = /data/lar/projects/airpact5/AIRRUN
set airroot1 = /data/lar/projects/airpact5/AIRRUN
if ( ! 0 ) set airrun1 = /data/lar/projects/airpact5/AIRRUN/2021
set airrun1 = /data/lar/projects/airpact5/AIRRUN/2021
if ( ! 0 ) set airroot = /data/lar/projects/airpact5/AIRRUNDAY2
set airroot = /data/lar/projects/airpact5/AIRRUNDAY2
if ( ! 1 ) set airrun = /data/lar/projects/airpact5/AIRRUNDAY2/2021
if ( ! 1 ) set mciproot = /data/lar/projects/airpact5/AIRRUNDAY2/2021
set logdir = /data/lar/projects/airpact5/AIRRUNDAY2/2021/2021082000/LOGS
if ( ! -d /data/lar/projects/airpact5/AIRRUNDAY2/2021/2021082000/LOGS ) mkdir -p /data/lar/projects/airpact5/AIRRUNDAY2/2021/2021082000/LOGS
mkdir -p /data/lar/projects/airpact5/AIRRUNDAY2/2021/2021082000/LOGS
alias MATH set !:1 = `echo "!:3-$" | bc -l`
@ totalminutes = 0
@ totalminutes = 0 + 60
set wallhours = `echo "( $totalminutes / 60 ) + 1" | bc -l`
bc -l
echo ( 60 / 60 ) + 1
set nwallhours = `echo $wallhours | cut -d . -f 1`
cut -d . -f 1
echo 2.00000000000000000000
@ nwallhours = 2 - 1
set wallminutes = `echo "$totalminutes - $nwallhours * 60" | bc -l`
bc -l
echo 60 - 1 * 60
if ( 1 < 10 ) then
set awallhours = 01
else
if ( 0 < 10 ) then
set awallminutes = 00
else
set walltime = 01:00:00
set qsubfile = qsub4megan_parallel.csh
if ( -e input4sed.txt ) /bin/rm -f input4sed.txt
/bin/rm -f input4sed.txt
cat
/bin/sed -f input4sed.txt
echo `date` submitting megan parallel for 20210820
date
Wed Aug 18 23:59:03 PDT 2021 submitting megan parallel for 20210820
if ( 0 ) then
set qsubreturn = `qsub -V  $qsubfile`
qsub -V qsub4megan_parallel.csh
endif
setenv runid_megan `echo $qsubreturn | cut -d "." -f 1`
cut -d . -f 1
echo 1344848.mgt2-ib.local
echo    runid_megan: 1344848
   runid_megan: 1344848
exit ( 0 )
