if ( ! 1 ) set basedir = ~airpact5/AIRHOME/run_ap5_day2
cd /home/airpact5/AIRHOME/run_ap5_day2
set RUN_PLOT_MET = Y
set RUN_PLOT_WIND = Y
set RUN_PLOT_EMIS = Y
if ( 2 > = 1 ) then
set firstday = 20210819
set firstdayyear = `echo $firstday | cut -c1-4`
cut -c1-4
echo 20210819
set firstdaymonth = `echo $firstday | cut -c5-6`
cut -c5-6
echo 20210819
set today = `echo $firstday | cut -c7-8`
cut -c7-8
echo 20210819
if ( 2 == 2 ) setenv runid0 1344851
setenv runid0 1344851
else
set secondday = `date -d "$firstday 1 days" '+%Y%m%d'`
date -d 20210819 1 days +%Y%m%d
set seconddayyear = `echo $secondday | cut -c1-4`
echo 20210820
cut -c1-4
set seconddaymonth = `echo $secondday | cut -c5-6`
cut -c5-6
echo 20210820
set tomorrow = `echo $secondday | cut -c7-8`
cut -c7-8
echo 20210820
if ( ! 1 ) set airroot1 = /data/lar/projects/airpact5/AIRRUN
if ( ! 1 ) set airrun1 = /data/lar/projects/airpact5/AIRRUN/2021
if ( ! 1 ) set airroot = /data/lar/projects/airpact5/AIRRUNDAY2
if ( ! 1 ) set airrun = /data/lar/projects/airpact5/AIRRUNDAY2/2021
if ( ! 1 ) set mciproot = /data/lar/projects/airpact5/AIRRUNDAY2/2021
set logdir = /data/lar/projects/airpact5/AIRRUNDAY2/2021/2021082000/LOGS
set walltime = 04:00:00
set qsubfile = qsub4plot_noncctm.csh
cat
/bin/sed -f input4sed.txt
echo `date` submitting plot_noncctm for 20210820
date
Wed Aug 18 23:59:04 PDT 2021 submitting plot_noncctm for 20210820
if ( 1 ) then
echo  queing behind 1344851
 queing behind 1344851
set qsubreturn = `qsub -V  -W depend=afterok:${runid0}  $qsubfile`
qsub -V -W depend=afterok:1344851 qsub4plot_noncctm.csh
unsetenv runid0
else
setenv runid_plot_noncctm `echo $qsubreturn | cut -d "." -f 1`
cut -d . -f 1
echo 1344852.mgt2-ib.local
echo    runid_plot_noncctm: 1344852
   runid_plot_noncctm: 1344852
