if ( ! 1 ) set basedir = ~airpact5/AIRHOME/run_ap5_day2
cd /home/airpact5/AIRHOME/run_ap5_day2
if ( 3 > = 1 ) then
set firstday = 20210818
set firstdayyear = `echo $firstday | cut -c1-4`
cut -c1-4
echo 20210818
set firstdaymonth = `echo $firstday | cut -c5-6`
echo 20210818
cut -c5-6
set today = `echo $firstday | cut -c7-8`
cut -c7-8
echo 20210818
if ( 3 > = 2 ) setenv runid0 1344581
setenv runid0 1344581
if ( 3 == 3 ) setenv runid1 1344566
setenv runid1 1344566
else
set secondday = `date -d "$firstday 1 days" '+%Y%m%d'`
date -d 20210818 1 days +%Y%m%d
set seconddayyear = `echo $secondday | cut -c1-4`
echo 20210819
cut -c1-4
set seconddaymonth = `echo $secondday | cut -c5-6`
cut -c5-6
echo 20210819
set tomorrow = `echo $secondday | cut -c7-8`
cut -c7-8
echo 20210819
if ( ! 1 ) set airroot1 = /data/lar/projects/airpact5/AIRRUN
if ( ! 1 ) set airrun1 = /data/lar/projects/airpact5/AIRRUN/2021
if ( ! 1 ) set airroot = /data/lar/projects/airpact5/AIRRUNDAY2
if ( ! 1 ) set airrun = /data/lar/projects/airpact5/AIRRUNDAY2/2021
if ( ! 1 ) set mciproot = /data/lar/projects/airpact5/AIRRUNDAY2/2021
set logdir = /data/lar/projects/airpact5/AIRRUNDAY2/2021/2021081900/LOGS
set walltime = 02:00:00
set qsubfile = qsub4postcctm.csh
cat
/bin/sed -f input4sed.txt
echo `date` submitting post-cctm for 20210819
date
Tue Aug 17 23:59:07 PDT 2021 submitting post-cctm for 20210819
if ( 1 && 1 ) then
echo  queing behind 1344581 and 1344566 
 queing behind 1344581 and 1344566 
set qsubreturn = `qsub -V -W depend=afterok:${runid0}:${runid1}  $qsubfile`
qsub -V -W depend=afterok:1344581:1344566 qsub4postcctm.csh
unsetenv runid0
unsetenv runid1
else if ( 0 ) then
echo qsubreturn 1344582.mgt2-ib.local
qsubreturn 1344582.mgt2-ib.local
setenv runid_postcctm `echo $qsubreturn | cut -d "." -f 1`
echo 1344582.mgt2-ib.local
cut -d . -f 1
echo    runid_postcctm: 1344582
   runid_postcctm: 1344582
exit ( 0 )
