if ( ! 1 ) set basedir = ~airpact5/AIRHOME/run_ap5_day2
cd /home/airpact5/AIRHOME/run_ap5_day2
set RUN_ICON_ideal = N
set RUN_FIX_MCIP = Y
set RUN_BCON = Y
set RUN_JPROC = Y
set RUN_EMIS_ANTHRO = Y
if ( 1 > = 1 ) then
set firstday = 20210819
set firstdayyear = `echo $firstday | cut -c1-4`
cut -c1-4
echo 20210819
set firstdaymonth = `echo $firstday | cut -c5-6`
cut -c5-6
echo 20210819
set today = `echo $firstday | cut -c7-8`
cut -c7-8
echo 20210819
if ( 1 == 2 ) setenv runid0
else
set secondday = `date -d "$firstday 1 days" '+%Y%m%d'`
date -d 20210819 1 days +%Y%m%d
set seconddayyear = `echo $secondday | cut -c1-4`
cut -c1-4
echo 20210820
set seconddaymonth = `echo $secondday | cut -c5-6`
cut -c5-6
echo 20210820
set tomorrow = `echo $secondday | cut -c7-8`
cut -c7-8
echo 20210820
if ( ! 1 ) set airroot1 = /data/lar/projects/airpact5/AIRRUN
if ( ! 1 ) set airrun1 = /data/lar/projects/airpact5/AIRRUN/2021
if ( ! 1 ) set airroot = /data/lar/projects/airpact5/AIRRUNDAY2
if ( ! 1 ) set airrun = /data/lar/projects/airpact5/AIRRUNDAY2/2021
if ( ! 1 ) set mciproot = /data/lar/projects/airpact5/AIRRUNDAY2/2021
set logdir = /data/lar/projects/airpact5/AIRRUNDAY2/2021/2021082000/LOGS
if ( ! -d /data/lar/projects/airpact5/AIRRUNDAY2/2021/2021082000/LOGS ) mkdir -p /data/lar/projects/airpact5/AIRRUNDAY2/2021/2021082000/LOGS
alias MATH set !:1 = `echo "!:3-$" | bc -l`
@ totalminutes = 0
if ( Y == Y ) @ totalminutes = 0 + 3
@ totalminutes = 0 + 3
if ( Y == Y ) @ totalminutes = 3 + 5
@ totalminutes = 3 + 5
if ( N == Y ) @ totalminutes = 8 + 1
if ( Y == Y ) @ totalminutes = 8 + 2
@ totalminutes = 8 + 2
if ( Y == Y ) @ totalminutes = 10 + 120
@ totalminutes = 10 + 120
set wallhours = `echo "( $totalminutes / 60 ) + 1" | bc -l`
bc -l
echo ( 130 / 60 ) + 1
set nwallhours = `echo $wallhours | cut -d . -f 1`
cut -d . -f 1
echo 3.16666666666666666666
@ nwallhours = 3 - 1
set wallminutes = `echo "$totalminutes - $nwallhours * 60" | bc -l`
bc -l
echo 130 - 2 * 60
if ( 2 < 10 ) then
set awallhours = 02
else
if ( 10 < 10 ) then
set awallminutes = 10
endif
set walltime = 02:10:00
set qsubfile = qsub4precctm.csh
if ( -e input4sed.txt ) /bin/rm -f input4sed.txt
/bin/rm -f input4sed.txt
cat
/bin/sed -f input4sed.txt
echo `date` submitting pre-cctm for 20210820
date
Wed Aug 18 23:59:03 PDT 2021 submitting pre-cctm for 20210820
if ( 0 ) then
set qsubreturn = `qsub -V  $qsubfile`
qsub -V qsub4precctm.csh
endif
echo qsubreturn 1344849.mgt2-ib.local
qsubreturn 1344849.mgt2-ib.local
setenv runid_precctm `echo $qsubreturn | cut -d "." -f 1`
echo 1344849.mgt2-ib.local
cut -d . -f 1
echo    runid_precctm: 1344849
   runid_precctm: 1344849
exit ( 0 )
